2025-06-12T00:02:14.726+07:00 DEBUG 20588 --- [tutorial] [SpringApplicationShutdownHook] o.s.b.a.ApplicationAvailabilityBean      : Application availability state ReadinessState changed from ACCEPTING_TRAFFIC to REFUSING_TRAFFIC
2025-06-12T00:02:14.765+07:00 DEBUG 20588 --- [tutorial] [SpringApplicationShutdownHook] ConfigServletWebServerApplicationContext : Closing org.springframework.boot.web.servlet.context.AnnotationConfigServletWebServerApplicationContext@1ae8bcbc, started on Wed Jun 11 23:58:48 ICT 2025
2025-06-12T00:02:14.798+07:00 DEBUG 20588 --- [tutorial] [SpringApplicationShutdownHook] o.s.c.support.DefaultLifecycleProcessor  : Stopping beans in phase 2147482623
2025-06-12T00:02:14.802+07:00  INFO 20588 --- [tutorial] [SpringApplicationShutdownHook] o.s.b.w.e.tomcat.GracefulShutdown        : Commencing graceful shutdown. Waiting for active requests to complete
2025-06-12T00:02:15.099+07:00  INFO 20588 --- [tutorial] [tomcat-shutdown] o.s.b.w.e.tomcat.GracefulShutdown        : Graceful shutdown complete
2025-06-12T00:02:15.100+07:00 DEBUG 20588 --- [tutorial] [SpringApplicationShutdownHook] o.s.c.support.DefaultLifecycleProcessor  : Stopping beans in phase 2147481599
2025-06-12T00:02:15.100+07:00 DEBUG 20588 --- [tutorial] [tomcat-shutdown] o.s.c.support.DefaultLifecycleProcessor  : Bean 'webServerGracefulShutdown' completed its stop procedure
2025-06-12T00:02:15.107+07:00 DEBUG 20588 --- [tutorial] [SpringApplicationShutdownHook] o.s.c.support.DefaultLifecycleProcessor  : Bean 'webServerStartStop' completed its stop procedure
2025-06-12T00:02:15.107+07:00 DEBUG 20588 --- [tutorial] [SpringApplicationShutdownHook] o.s.c.support.DefaultLifecycleProcessor  : Stopping beans in phase 1073741823
2025-06-12T00:02:15.108+07:00 DEBUG 20588 --- [tutorial] [SpringApplicationShutdownHook] o.s.c.support.DefaultLifecycleProcessor  : Bean 'applicationTaskExecutor' completed its stop procedure
2025-06-12T00:02:15.108+07:00 DEBUG 20588 --- [tutorial] [SpringApplicationShutdownHook] o.s.c.support.DefaultLifecycleProcessor  : Stopping beans in phase -2147483647
2025-06-12T00:02:15.108+07:00 DEBUG 20588 --- [tutorial] [SpringApplicationShutdownHook] o.s.c.support.DefaultLifecycleProcessor  : Bean 'springBootLoggingLifecycle' completed its stop procedure
2025-06-12T00:02:15.111+07:00 DEBUG 20588 --- [tutorial] [SpringApplicationShutdownHook] o.s.s.concurrent.ThreadPoolTaskExecutor  : Shutting down ExecutorService 'applicationTaskExecutor'
2025-06-12T00:02:31.344+07:00  INFO 15040 --- [tutorial] [main] c.m.tutorial.TutorialApplication         : Starting TutorialApplication using Java 18.0.2 with PID 15040 (D:\SpringBoot\tutorial\target\classes started by admin in D:\SpringBoot\tutorial)
2025-06-12T00:02:31.346+07:00  INFO 15040 --- [tutorial] [main] c.m.tutorial.TutorialApplication         : No active profile set, falling back to 1 default profile: "default"
2025-06-12T00:02:31.977+07:00  INFO 15040 --- [tutorial] [main] o.s.b.w.embedded.tomcat.TomcatWebServer  : Tomcat initialized with port 8080 (http)
2025-06-12T00:02:31.990+07:00  INFO 15040 --- [tutorial] [main] o.apache.catalina.core.StandardService   : Starting service [Tomcat]
2025-06-12T00:02:31.992+07:00  INFO 15040 --- [tutorial] [main] o.apache.catalina.core.StandardEngine    : Starting Servlet engine: [Apache Tomcat/10.1.41]
2025-06-12T00:02:32.040+07:00  INFO 15040 --- [tutorial] [main] o.a.c.c.C.[Tomcat].[localhost].[/]       : Initializing Spring embedded WebApplicationContext
2025-06-12T00:02:32.042+07:00  INFO 15040 --- [tutorial] [main] w.s.c.ServletWebServerApplicationContext : Root WebApplicationContext: initialization completed in 661 ms
2025-06-12T00:02:32.320+07:00  INFO 15040 --- [tutorial] [main] o.s.b.w.embedded.tomcat.TomcatWebServer  : Tomcat started on port 8080 (http) with context path '/'
2025-06-12T00:02:32.326+07:00  INFO 15040 --- [tutorial] [main] c.m.tutorial.TutorialApplication         : Started TutorialApplication in 1.417 seconds (process running for 1.702)
2025-06-12T00:30:36.608+07:00  INFO 15040 --- [tutorial] [SpringApplicationShutdownHook] o.s.b.w.e.tomcat.GracefulShutdown        : Commencing graceful shutdown. Waiting for active requests to complete
2025-06-12T00:30:36.924+07:00  INFO 15040 --- [tutorial] [tomcat-shutdown] o.s.b.w.e.tomcat.GracefulShutdown        : Graceful shutdown complete
